SHELL=/bin/bash
CUDA_MAJOR=11
CONDA_BACKUP_GCC_NM=/home/ejones/codes/anaconda3/bin/x86_64-conda-linux-gnu-gcc-nm
CONDA_EXE=/home/ejones/codes/anaconda3/bin/conda
_CE_M=
__MODULES_LMALTNAME=cuda/11.8&as|cuda/default&as|cuda/latest:clang/18.1.4/sm_89&as|clang/default&as|clang/latest&as|clang/18.1.4/default&as|clang/18.1.4/latest
CONDA_BACKUP_LDFLAGS=-Wl,-O2 -Wl,--sort-common -Wl,--as-needed -Wl,-z,relro -Wl,-z,now -Wl,--disable-new-dtags -Wl,--gc-sections -Wl,-rpath,/home/ejones/codes/anaconda3/lib -Wl,-rpath-link,/home/ejones/codes/anaconda3/lib -L/home/ejones/codes/anaconda3/lib
CONDA_BACKUP_CONDA_BUILD_SYSROOT=/home/ejones/codes/anaconda3/x86_64-conda-linux-gnu/sysroot
CONDA_BACKUP_STRIP=/home/ejones/codes/anaconda3/bin/x86_64-conda-linux-gnu-strip
CONDA_BACKUP_DEBUG_CFLAGS=-march=nocona -mtune=haswell -ftree-vectorize -fPIC -fstack-protector-all -fno-plt -Og -g -Wall -Wextra -fvar-tracking-assignments -ffunction-sections -pipe -isystem /home/ejones/codes/anaconda3/include
CONDA_BACKUP_DEBUG_CPPFLAGS=-D_DEBUG -D_FORTIFY_SOURCE=2 -Og -isystem /home/ejones/codes/anaconda3/include
CONDA_BACKUP_build_alias=x86_64-conda-linux-gnu
CONDA_BACKUP_DEBUG_CXXFLAGS=-fvisibility-inlines-hidden -std=c++17 -fmessage-length=0 -march=nocona -mtune=haswell -ftree-vectorize -fPIC -fstack-protector-all -fno-plt -Og -g -Wall -Wextra -fvar-tracking-assignments -ffunction-sections -pipe -isystem /home/ejones/codes/anaconda3/include
CONDA_BACKUP_SIZE=/home/ejones/codes/anaconda3/bin/x86_64-conda-linux-gnu-size
CONDA_BACKUP_ELFEDIT=/home/ejones/codes/anaconda3/bin/x86_64-conda-linux-gnu-elfedit
CONDA_BACKUP_BUILD=x86_64-conda-linux-gnu
NVCC_GENCODE_6000=-arch=sm_89 -gencode=arch=compute_89,code=sm_89 -gencode=arch=compute_89,code=compute_89
CONDA_BACKUP_CPP=/home/ejones/codes/anaconda3/bin/x86_64-conda-linux-gnu-cpp
XML_CATALOG_FILES=/home/ejones/codes/anaconda3/envs/gizgrain/etc/xml/catalog
CUDA_INC=/usr/local/cuda/11.8/include
PWD=/home/ejones/codes/openmp_gpu_tests/minimal_working_examples/simple_api_mapping
GSETTINGS_SCHEMA_DIR=/home/ejones/codes/anaconda3/envs/gizgrain/share/glib-2.0/schemas
LOGNAME=ejones
XDG_SESSION_TYPE=tty
CONDA_PREFIX=/home/ejones/codes/anaconda3/envs/gizgrain
MODULESHOME=/usr/share/modules
NVCC_GENCODE_2080=-arch=sm_75 -gencode=arch=compute_75,code=sm_75 -gencode=arch=compute_75,code=compute_75
MANPATH=/home/ejones/local/man:/home/ejones/local/share/man:/home/ejones/local/man:/home/ejones/local/share/man::
CONDA_BACKUP_AS=/home/ejones/codes/anaconda3/bin/x86_64-conda-linux-gnu-as
CONDA_BACKUP_AR=/home/ejones/codes/anaconda3/bin/x86_64-conda-linux-gnu-ar
GSETTINGS_SCHEMA_DIR_CONDA_BACKUP=
CONDA_BACKUP_GPROF=/home/ejones/codes/anaconda3/bin/x86_64-conda-linux-gnu-gprof
CUDA_DIR=/usr/local/cuda/11.8
MOTD_SHOWN=pam
HOME=/home/ejones
CONDA_BACKUP_GXX=/home/ejones/codes/anaconda3/bin/x86_64-conda-linux-gnu-g++
LANG=en_GB.UTF-8
CONDA_BACKUP_ADDR2LINE=/home/ejones/codes/anaconda3/bin/x86_64-conda-linux-gnu-addr2line
CONDA_BACKUP_OBJCOPY=/home/ejones/codes/anaconda3/bin/x86_64-conda-linux-gnu-objcopy
CUDA_VERSION=11.8
NVCC_GENCODE=-arch=sm_89 -gencode=arch=compute_75,code=sm_75 -gencode=arch=compute_89,code=sm_89 -gencode=arch=compute_89,code=compute_89
CONDA_BACKUP__CONDA_PYTHON_SYSCONFIGDATA_NAME=_sysconfigdata_x86_64_conda_cos7_linux_gnu
CONDA_BACKUP_CFLAGS=-march=nocona -mtune=haswell -ftree-vectorize -fPIC -fstack-protector-strong -fno-plt -O2 -ffunction-sections -pipe -isystem /home/ejones/codes/anaconda3/include
CONDA_BACKUP_HOST=x86_64-conda-linux-gnu
CONDA_PROMPT_MODIFIER=(gizgrain) 
LC_TERMINAL=iTerm2
CONDA_BACKUP_LD=/home/ejones/codes/anaconda3/bin/x86_64-conda-linux-gnu-ld
DISK=/disk01/ejones
CONDA_BACKUP_GCC=/home/ejones/codes/anaconda3/bin/x86_64-conda-linux-gnu-gcc
SSH_CONNECTION=192.168.1.254 44902 192.168.1.200 22
CONDA_BACKUP_CC=/home/ejones/codes/anaconda3/bin/x86_64-conda-linux-gnu-cc
CONDA_BACKUP_NM=/home/ejones/codes/anaconda3/bin/x86_64-conda-linux-gnu-nm
CONDA_BACKUP_LD_GOLD=/home/ejones/codes/anaconda3/bin/x86_64-conda-linux-gnu-ld.gold
CUDA_LIB=/usr/local/cuda/11.8/lib64
XDG_SESSION_CLASS=user
CONDA_BACKUP_CXXFLAGS=-fvisibility-inlines-hidden -std=c++17 -fmessage-length=0 -march=nocona -mtune=haswell -ftree-vectorize -fPIC -fstack-protector-strong -fno-plt -O2 -ffunction-sections -pipe -isystem /home/ejones/codes/anaconda3/include
CONDA_BACKUP_host_alias=x86_64-conda-linux-gnu
CONDA_BACKUP_RANLIB=/home/ejones/codes/anaconda3/bin/x86_64-conda-linux-gnu-ranlib
TERM=screen.xterm-256color
_CE_CONDA=
CPLUS_INCLUDE_PATH=/usr/local/CLANG/18.1.4/sm_89/include
SPS_HOME=/home/ejones/local/fsps
CONDA_BACKUP_GCC_RANLIB=/home/ejones/codes/anaconda3/bin/x86_64-conda-linux-gnu-gcc-ranlib
CONDA_BACKUP_READELF=/home/ejones/codes/anaconda3/bin/x86_64-conda-linux-gnu-readelf
USER=ejones
CONDA_BACKUP_GCC_AR=/home/ejones/codes/anaconda3/bin/x86_64-conda-linux-gnu-gcc-ar
LIBRARY_PATH=/usr/local/CLANG/18.1.4/sm_89/lib
CUDA_PATH=/usr/local/cuda/11.8
CONDA_BACKUP_CXXFILT=/home/ejones/codes/anaconda3/bin/x86_64-conda-linux-gnu-c++filt
CONDA_SHLVL=2
LOADEDMODULES=cuda/11.8:clang/18.1.4/sm_89
LC_TERMINAL_VERSION=3.4.23
SHLVL=2
CONDA_BACKUP_CMAKE_PREFIX_PATH=/home/ejones/codes/anaconda3:/home/ejones/codes/anaconda3/x86_64-conda-linux-gnu/sysroot/usr
XDG_SESSION_ID=1462
xml_catalog_files_libxslt=
CONDA_BACKUP_OBJDUMP=/home/ejones/codes/anaconda3/bin/x86_64-conda-linux-gnu-objdump
CONDA_BACKUP_STRINGS=/home/ejones/codes/anaconda3/bin/x86_64-conda-linux-gnu-strings
CONDA_PYTHON_EXE=/home/ejones/codes/anaconda3/bin/python
LD_LIBRARY_PATH=/home/ejones/local/lib:/home/ejones/lib:/usr/local/CLANG/18.1.4/sm_89/lib:/usr/local/CLANG/18.1.4/sm_89/ompd:/usr/local/cuda/11.8/lib64:/home/ejones/local/hdf5/serial/lib:/home/ejones/local/lib:/home/ejones/lib:/home/ejones/local/openmpi/lib
CONDA_BACKUP_CC_FOR_BUILD=/home/ejones/codes/anaconda3/bin/x86_64-conda-linux-gnu-cc
XDG_RUNTIME_DIR=/run/user/10036
SSH_CLIENT=192.168.1.254 44902 22
CONDA_BACKUP_CPPFLAGS=-DNDEBUG -D_FORTIFY_SOURCE=2 -O2 -isystem /home/ejones/codes/anaconda3/include
CONDA_DEFAULT_ENV=gizgrain
CONDA_BACKUP_CXX_FOR_BUILD=/home/ejones/codes/anaconda3/bin/x86_64-conda-linux-gnu-c++
CUDA_HOME=/usr/local/cuda/11.8
XDG_DATA_DIRS=/usr/local/share:/usr/share:/var/lib/snapd/desktop
CUDA_MINOR=8
PATH=/home/ejones/local/bin:/home/ejones/local/sbin:/usr/local/CLANG/18.1.4/sm_89/bin:/usr/local/CLANG/18.1.4/sm_89/share/opt-viewer:/usr/local/cuda/11.8/bin:/home/ejones/local/openmpi/bin:/home/ejones/codes/anaconda3/envs/gizgrain/bin:/home/ejones/codes/anaconda3/condabin:/home/ejones/local/bin:/home/ejones/local/sbin:/usr/local/sbin:/usr/local/bin:/usr/sbin:/usr/bin:/sbin:/bin:/usr/games:/usr/local/games:/snap/bin:/home/ejones/bin
MODULEPATH=/etc/environment-modules/modules:/usr/share/modules/versions:/usr/share/modules/$MODULE_VERSION/modulefiles:/usr/share/modules/modulefiles:/usr/local/Modules/modulefiles:/usr/local/oneapi/modulefiles
_LMFILES_=/usr/local/Modules/modulefiles/cuda/11.8:/usr/local/Modules/modulefiles/clang/18.1.4/sm_89
DBUS_SESSION_BUS_ADDRESS=unix:path=/run/user/10036/bus
C_INCLUDE_PATH=/usr/local/CLANG/18.1.4/sm_89/include
CONDA_BACKUP_CXX=/home/ejones/codes/anaconda3/bin/x86_64-conda-linux-gnu-c++
SSH_TTY=/dev/pts/0
CONDA_PREFIX_1=/home/ejones/codes/anaconda3
CPATH=/usr/local/cuda/11.8/include
OLDPWD=/home/ejones/codes/openmp_gpu_tests/minimal_working_examples
MODULES_CMD=/usr/lib/x86_64-linux-gnu/modulecmd.tcl
BASH_FUNC_ml%%=() {  module ml "$@"
}
BASH_FUNC_module%%=() {  _module_raw "$@" 2>&1
}
BASH_FUNC__module_raw%%=() {  eval `/usr/bin/tclsh8.6 /usr/lib/x86_64-linux-gnu/modulecmd.tcl bash "$@"`;
 _mlstatus=$?;
 return $_mlstatus
}
_=/usr/bin/sbatch
SLURM_CONF=/etc/slurm/slurm.conf
SLURM_JOB_NAME=run.slurm
SLURM_PRIO_PROCESS=0
SLURM_SUBMIT_DIR=/home/ejones/codes/openmp_gpu_tests/minimal_working_examples/simple_api_mapping
SLURM_SUBMIT_HOST=fcfs9
SLURM_CLUSTER_NAME=cuillin
SLURM_JOB_ID=9214161
SLURM_JOB_NUM_NODES=1
SLURM_JOB_NODELIST=worker093
SLURM_JOB_PARTITION=GPU
SLURM_NODE_ALIASES=(null)
SLURM_JOB_CPUS_PER_NODE=1
ENVIRONMENT=BATCH
HOSTNAME=worker093
SLURM_JOBID=9214161
SLURM_NNODES=1
SLURM_NODELIST=worker093
SLURM_TASKS_PER_NODE=1
SLURM_MEM_PER_CPU=1024
SLURM_JOB_ACCOUNT=users
SLURM_JOB_QOS=normal
SLURM_TOPOLOGY_ADDR=worker093
SLURM_TOPOLOGY_ADDR_PATTERN=node
SLURM_CPUS_ON_NODE=1
SLURM_TASK_PID=744823
SLURM_NODEID=0
SLURM_PROCID=0
SLURM_LOCALID=0
SLURM_GTIDS=0
SLURM_JOB_UID=10036
SLURM_JOB_USER=ejones
SLURM_WORKING_CLUSTER=cuillin:cuillin:6817:9728:101
SLURM_JOB_GID=508
SLURMD_NODENAME=worker093
TMPDIR=/tmp
HOSTTYPE=x86_64-linux
VENDOR=unknown
OSTYPE=linux
MACHTYPE=x86_64
GROUP=student
HOST=worker093
PAGER=more
IDL_STARTUP=/home/ejones/idl/startup.pro
student users priority
Array[0] = 44
