SHELL=/bin/bash
GCC_RANLIB=/home/ejones/codes/anaconda3/bin/x86_64-conda-linux-gnu-gcc-ranlib
CONDA_EXE=/home/ejones/codes/anaconda3/bin/conda
_CE_M=
__MODULES_LMALTNAME=aocc/aocc-compiler-4.2.0&as|aocc/default&as|aocc/latest
build_alias=x86_64-conda-linux-gnu
CMAKE_ARGS=-DCMAKE_LINKER=/home/ejones/codes/anaconda3/bin/x86_64-conda-linux-gnu-ld -DCMAKE_STRIP=/home/ejones/codes/anaconda3/bin/x86_64-conda-linux-gnu-strip
GPROF=/home/ejones/codes/anaconda3/bin/x86_64-conda-linux-gnu-gprof
_CONDA_PYTHON_SYSCONFIGDATA_NAME=_sysconfigdata_x86_64_conda_cos7_linux_gnu
STRINGS=/home/ejones/codes/anaconda3/bin/x86_64-conda-linux-gnu-strings
CPP=/home/ejones/codes/anaconda3/bin/x86_64-conda-linux-gnu-cpp
PWD=/home/ejones/codes/openmp_gpu_tests/dataMapping/declare_mapper
LOGNAME=ejones
XDG_SESSION_TYPE=tty
CONDA_PREFIX=/home/ejones/codes/anaconda3
MODULESHOME=/usr/share/modules
MANPATH=/home/ejones/local/man:/home/ejones/local/share/man:/home/ejones/local/man:/home/ejones/local/share/man::
CXX=/home/ejones/codes/anaconda3/bin/x86_64-conda-linux-gnu-c++
CXXFLAGS=-fvisibility-inlines-hidden -std=c++17 -fmessage-length=0 -march=nocona -mtune=haswell -ftree-vectorize -fPIC -fstack-protector-strong -fno-plt -O2 -ffunction-sections -pipe -isystem /home/ejones/codes/anaconda3/include
DEBUG_CXXFLAGS=-fvisibility-inlines-hidden -std=c++17 -fmessage-length=0 -march=nocona -mtune=haswell -ftree-vectorize -fPIC -fstack-protector-all -fno-plt -Og -g -Wall -Wextra -fvar-tracking-assignments -ffunction-sections -pipe -isystem /home/ejones/codes/anaconda3/include
MOTD_SHOWN=pam
__MODULES_SHARE_MANPATH=:1
LDFLAGS=-Wl,-O2 -Wl,--sort-common -Wl,--as-needed -Wl,-z,relro -Wl,-z,now -Wl,--disable-new-dtags -Wl,--gc-sections -Wl,-rpath,/home/ejones/codes/anaconda3/lib -Wl,-rpath-link,/home/ejones/codes/anaconda3/lib -L/home/ejones/codes/anaconda3/lib
HOME=/home/ejones
LANG=en_GB.UTF-8
DEBUG_CFLAGS=-march=nocona -mtune=haswell -ftree-vectorize -fPIC -fstack-protector-all -fno-plt -Og -g -Wall -Wextra -fvar-tracking-assignments -ffunction-sections -pipe -isystem /home/ejones/codes/anaconda3/include
CXX_FOR_BUILD=/home/ejones/codes/anaconda3/bin/x86_64-conda-linux-gnu-c++
ELFEDIT=/home/ejones/codes/anaconda3/bin/x86_64-conda-linux-gnu-elfedit
CONDA_PROMPT_MODIFIER=(base) 
CMAKE_PREFIX_PATH=/home/ejones/codes/anaconda3:/home/ejones/codes/anaconda3/x86_64-conda-linux-gnu/sysroot/usr
LC_TERMINAL=iTerm2
DISK=/disk01/ejones
CPPFLAGS=-DNDEBUG -D_FORTIFY_SOURCE=2 -O2 -isystem /home/ejones/codes/anaconda3/include
LD=/home/ejones/codes/anaconda3/bin/x86_64-conda-linux-gnu-ld
SSH_CONNECTION=10.65.193.70 55531 129.215.175.32 22
READELF=/home/ejones/codes/anaconda3/bin/x86_64-conda-linux-gnu-readelf
GXX=/home/ejones/codes/anaconda3/bin/x86_64-conda-linux-gnu-g++
GCC_AR=/home/ejones/codes/anaconda3/bin/x86_64-conda-linux-gnu-gcc-ar
ADDR2LINE=/home/ejones/codes/anaconda3/bin/x86_64-conda-linux-gnu-addr2line
XDG_SESSION_CLASS=user
TERM=xterm-256color
_CE_CONDA=
CPLUS_INCLUDE_PATH=/usr/local/AOCC/aocc-compiler-4.2.0/include
GCC_NM=/home/ejones/codes/anaconda3/bin/x86_64-conda-linux-gnu-gcc-nm
SIZE=/home/ejones/codes/anaconda3/bin/x86_64-conda-linux-gnu-size
HOST=worker093
SPS_HOME=/home/ejones/local/fsps
CC_FOR_BUILD=/home/ejones/codes/anaconda3/bin/x86_64-conda-linux-gnu-cc
USER=ejones
LIBRARY_PATH=/usr/local/AOCC/aocc-compiler-4.2.0/lib32:/usr/local/AOCC/aocc-compiler-4.2.0/lib:/usr/lib64:/usr/lib/x86_64-linux-gnu:/usr/lib:/usr/lib32
CONDA_SHLVL=1
AR=/home/ejones/codes/anaconda3/bin/x86_64-conda-linux-gnu-ar
AS=/home/ejones/codes/anaconda3/bin/x86_64-conda-linux-gnu-as
LOADEDMODULES=aocc/aocc-compiler-4.2.0
DEBUG_CPPFLAGS=-D_DEBUG -D_FORTIFY_SOURCE=2 -Og -isystem /home/ejones/codes/anaconda3/include
LC_TERMINAL_VERSION=3.4.23
host_alias=x86_64-conda-linux-gnu
SHLVL=2
NM=/home/ejones/codes/anaconda3/bin/x86_64-conda-linux-gnu-nm
GCC=/home/ejones/codes/anaconda3/bin/x86_64-conda-linux-gnu-gcc
XDG_SESSION_ID=477765
LD_GOLD=/home/ejones/codes/anaconda3/bin/x86_64-conda-linux-gnu-ld.gold
CONDA_PYTHON_EXE=/home/ejones/codes/anaconda3/bin/python
LD_LIBRARY_PATH=/home/ejones/local/lib:/home/ejones/lib:/usr/local/AOCC/aocc-compiler-4.2.0/lib32:/usr/local/AOCC/aocc-compiler-4.2.0/lib:/usr/local/AOCC/aocc-compiler-4.2.0/ompd:/usr/lib64:/usr/lib/x86_64-linux-gnu:/usr/lib:/usr/lib32:/home/ejones/local/hdf5/serial/lib:/home/ejones/local/lib:/home/ejones/lib:/home/ejones/local/openmpi/lib
XDG_RUNTIME_DIR=/run/user/10036
SSH_CLIENT=10.65.193.70 55531 22
CONDA_DEFAULT_ENV=base
OBJCOPY=/home/ejones/codes/anaconda3/bin/x86_64-conda-linux-gnu-objcopy
STRIP=/home/ejones/codes/anaconda3/bin/x86_64-conda-linux-gnu-strip
XDG_DATA_DIRS=/usr/share/gnome:/usr/local/share:/usr/share:/var/lib/snapd/desktop
OBJDUMP=/home/ejones/codes/anaconda3/bin/x86_64-conda-linux-gnu-objdump
PATH=/home/ejones/local/bin:/home/ejones/local/sbin:/usr/local/AOCC/aocc-compiler-4.2.0/bin:/usr/local/AOCC/aocc-compiler-4.2.0/share/opt-viewer:/home/ejones/local/openmpi/bin:/home/ejones/codes/anaconda3/bin:/home/ejones/codes/anaconda3/condabin:/home/ejones/local/bin:/home/ejones/local/sbin:/usr/local/sbin:/usr/local/bin:/usr/sbin:/usr/bin:/sbin:/bin:/usr/games:/usr/local/games:/snap/bin:/home/ejones/bin
MODULEPATH=/etc/environment-modules/modules:/usr/share/modules/versions:/usr/share/modules/$MODULE_VERSION/modulefiles:/usr/share/modules/modulefiles:/usr/local/Modules/modulefiles:/usr/local/oneapi/modulefiles
CC=/home/ejones/codes/anaconda3/bin/x86_64-conda-linux-gnu-cc
_LMFILES_=/usr/local/Modules/modulefiles/aocc/aocc-compiler-4.2.0
CFLAGS=-march=nocona -mtune=haswell -ftree-vectorize -fPIC -fstack-protector-strong -fno-plt -O2 -ffunction-sections -pipe -isystem /home/ejones/codes/anaconda3/include
CXXFILT=/home/ejones/codes/anaconda3/bin/x86_64-conda-linux-gnu-c++filt
DBUS_SESSION_BUS_ADDRESS=unix:path=/run/user/10036/bus
C_INCLUDE_PATH=/usr/local/AOCC/aocc-compiler-4.2.0/include
BUILD=x86_64-conda-linux-gnu
SSH_TTY=/dev/pts/70
RANLIB=/home/ejones/codes/anaconda3/bin/x86_64-conda-linux-gnu-ranlib
CONDA_BUILD_SYSROOT=/home/ejones/codes/anaconda3/x86_64-conda-linux-gnu/sysroot
OLDPWD=/home/ejones/codes/openmp_gpu_tests/dataMapping/structure_test_dynamic
MODULES_CMD=/usr/lib/x86_64-linux-gnu/modulecmd.tcl
BASH_FUNC_ml%%=() {  module ml "$@"
}
BASH_FUNC_module%%=() {  _module_raw "$@" 2>&1
}
BASH_FUNC__module_raw%%=() {  eval `/usr/bin/tclsh8.6 /usr/lib/x86_64-linux-gnu/modulecmd.tcl bash "$@"`;
 _mlstatus=$?;
 return $_mlstatus
}
_=/usr/bin/sbatch
SLURM_CONF=/etc/slurm/slurm.conf
SLURM_JOB_NAME=run_declare_mapper_test.slurm
SLURM_PRIO_PROCESS=0
SLURM_SUBMIT_DIR=/home/ejones/codes/openmp_gpu_tests/dataMapping/declare_mapper
SLURM_SUBMIT_HOST=cuillin
SLURM_NPROCS=1
SLURM_NTASKS=1
SLURM_CLUSTER_NAME=cuillin
SLURM_JOB_ID=9184477
SLURM_JOB_NUM_NODES=1
SLURM_JOB_NODELIST=worker093
SLURM_JOB_PARTITION=GPU
SLURM_NODE_ALIASES=(null)
SLURM_JOB_CPUS_PER_NODE=1
ENVIRONMENT=BATCH
HOSTNAME=worker093
SLURM_JOBID=9184477
SLURM_NNODES=1
SLURM_NODELIST=worker093
SLURM_TASKS_PER_NODE=1
SLURM_MEM_PER_CPU=1024
SLURM_JOB_ACCOUNT=users
SLURM_JOB_QOS=normal
SLURM_GPUS_ON_NODE=1
SLURM_JOB_GPUS=0
CUDA_VISIBLE_DEVICES=0
ROCR_VISIBLE_DEVICES=0
ZE_AFFINITY_MASK=0
GPU_DEVICE_ORDINAL=0
SLURM_TOPOLOGY_ADDR=worker093
SLURM_TOPOLOGY_ADDR_PATTERN=node
SLURM_CPUS_ON_NODE=1
SLURM_TASK_PID=1184854
SLURM_NODEID=0
SLURM_PROCID=0
SLURM_LOCALID=0
SLURM_GTIDS=0
SLURM_JOB_UID=10036
SLURM_JOB_USER=ejones
SLURM_WORKING_CLUSTER=cuillin:cuillin:6817:9728:101
SLURM_JOB_GID=508
SLURMD_NODENAME=worker093
TMPDIR=/tmp
HOSTTYPE=x86_64-linux
VENDOR=unknown
OSTYPE=linux
MACHTYPE=x86_64
GROUP=student
PAGER=more
IDL_STARTUP=/home/ejones/idl/startup.pro
student users priority
nannannannannannannannannannan